INFO     [2024-06-10 19:41:11,989] Определил количество протоколов: 17
INFO     [2024-06-10 19:41:11,989] Работаю с PDF протоколами
INFO     [2024-06-10 19:41:11,989] Начинаю работать с протоколом: № 4345_Новопортовское мр, ВЖК АБК_отбор проб от 12.03.24+.pdf
INFO     [2024-06-10 19:41:11,989] Преобразую pdf в текст
INFO     [2024-06-10 19:41:12,815] Файл преобразован
INFO     [2024-06-10 19:41:12,816] Сохраняю JSON первой версии
INFO     [2024-06-10 19:41:12,817] JSON первой версии сохранен
INFO     [2024-06-10 19:41:12,817] Получаю необходимые данные
INFO     [2024-06-10 19:41:12,817] Данные получены
INFO     [2024-06-10 19:41:12,817] Компания: ФБУЗ г. Новый Уренгой
INFO     [2024-06-10 19:41:12,817] Сохраняю JSON итоговый
INFO     [2024-06-10 19:41:12,817] JSON итоговый сохранен
INFO     [2024-06-10 19:41:12,817] Работа с протоколом завершена
INFO     [2024-06-10 19:41:12,818] Протокол перемещен в архив
INFO     [2024-06-10 19:41:12,818] Начинаю работать с протоколом: № 4341_Новопортовское мр, ЦПС Вход на ВЗиС ВПУ БМ3_отбор проб от 12.03.24+.pdf
INFO     [2024-06-10 19:41:12,818] Преобразую pdf в текст
INFO     [2024-06-10 19:41:13,378] Файл преобразован
INFO     [2024-06-10 19:41:13,378] Сохраняю JSON первой версии
INFO     [2024-06-10 19:41:13,378] JSON первой версии сохранен
INFO     [2024-06-10 19:41:13,378] Получаю необходимые данные
INFO     [2024-06-10 19:41:13,379] Данные получены
INFO     [2024-06-10 19:41:13,379] Компания: ФБУЗ г. Новый Уренгой
INFO     [2024-06-10 19:41:13,379] Сохраняю JSON итоговый
INFO     [2024-06-10 19:41:13,379] JSON итоговый сохранен
INFO     [2024-06-10 19:41:13,379] Работа с протоколом завершена
INFO     [2024-06-10 19:41:13,379] Протокол перемещен в архив
INFO     [2024-06-10 19:41:13,379] Начинаю работать с протоколом: № 3212_Новопортовское месторождение, ВЖК, КВО 10,16 выход_отбор от 27.02.24+.pdf
INFO     [2024-06-10 19:41:13,379] Преобразую pdf в текст
INFO     [2024-06-10 19:41:14,505] Файл преобразован
INFO     [2024-06-10 19:41:14,505] Сохраняю JSON первой версии
INFO     [2024-06-10 19:41:14,506] JSON первой версии сохранен
INFO     [2024-06-10 19:41:14,506] Получаю необходимые данные
INFO     [2024-06-10 19:41:14,506] Данные получены
INFO     [2024-06-10 19:41:14,506] Компания: ФБУЗ г. Новый Уренгой
INFO     [2024-06-10 19:41:14,506] Сохраняю JSON итоговый
INFO     [2024-06-10 19:41:14,506] JSON итоговый сохранен
INFO     [2024-06-10 19:41:14,507] Работа с протоколом завершена
INFO     [2024-06-10 19:41:14,507] Протокол перемещен в архив
INFO     [2024-06-10 19:41:14,507] Начинаю работать с протоколом: № 3227_Новопортовское НГКМ, ПЖК, емкость (РЧВ)_Никель_отбор от 27.02.24+.pdf
INFO     [2024-06-10 19:41:14,507] Преобразую pdf в текст
INFO     [2024-06-10 19:41:15,066] Файл преобразован
INFO     [2024-06-10 19:41:15,066] Сохраняю JSON первой версии
INFO     [2024-06-10 19:41:15,066] JSON первой версии сохранен
INFO     [2024-06-10 19:41:15,066] Получаю необходимые данные
INFO     [2024-06-10 19:41:15,067] Данные получены
INFO     [2024-06-10 19:41:15,067] Компания: ФБУЗ г. Новый Уренгой
INFO     [2024-06-10 19:41:15,067] Сохраняю JSON итоговый
INFO     [2024-06-10 19:41:15,067] JSON итоговый сохранен
INFO     [2024-06-10 19:41:15,067] Работа с протоколом завершена
INFO     [2024-06-10 19:41:15,067] Протокол перемещен в архив
INFO     [2024-06-10 19:41:15,067] Начинаю работать с протоколом: № 4369_Новопортовское мр, ЦПС, КОС-50, выход_отбор проб от 12.03.24+.pdf
INFO     [2024-06-10 19:41:15,067] Преобразую pdf в текст
INFO     [2024-06-10 19:41:16,038] Файл преобразован
INFO     [2024-06-10 19:41:16,038] Сохраняю JSON первой версии
INFO     [2024-06-10 19:41:16,039] JSON первой версии сохранен
INFO     [2024-06-10 19:41:16,039] Получаю необходимые данные
INFO     [2024-06-10 19:41:16,039] Данные получены
INFO     [2024-06-10 19:41:16,039] Компания: ФБУЗ г. Новый Уренгой
INFO     [2024-06-10 19:41:16,039] Сохраняю JSON итоговый
INFO     [2024-06-10 19:41:16,039] JSON итоговый сохранен
INFO     [2024-06-10 19:41:16,039] Работа с протоколом завершена
INFO     [2024-06-10 19:41:16,040] Протокол перемещен в архив
INFO     [2024-06-10 19:41:16,040] Начинаю работать с протоколом: № 927_ЦПС Вынгапуровское мр , артезианская скважина №3_радиология+.pdf
INFO     [2024-06-10 19:41:16,040] Преобразую pdf в текст
INFO     [2024-06-10 19:41:16,521] Файл преобразован
INFO     [2024-06-10 19:41:16,521] Сохраняю JSON первой версии
INFO     [2024-06-10 19:41:16,522] JSON первой версии сохранен
INFO     [2024-06-10 19:41:16,522] Получаю необходимые данные
INFO     [2024-06-10 19:41:16,522] Данные получены
INFO     [2024-06-10 19:41:16,522] Компания: ФБУЗ г. Ноябрьск
INFO     [2024-06-10 19:41:16,522] Сохраняю JSON итоговый
INFO     [2024-06-10 19:41:16,522] JSON итоговый сохранен
INFO     [2024-06-10 19:41:16,522] Работа с протоколом завершена
INFO     [2024-06-10 19:41:16,522] Протокол перемещен в архив
INFO     [2024-06-10 19:41:16,522] Начинаю работать с протоколом: № 3226_Новопортовское НГКМ, ПЖК, емкость (РЧВ)_Кобальт_отбор от 27.02.24+.pdf
INFO     [2024-06-10 19:41:16,522] Преобразую pdf в текст
INFO     [2024-06-10 19:41:17,059] Файл преобразован
INFO     [2024-06-10 19:41:17,059] Сохраняю JSON первой версии
INFO     [2024-06-10 19:41:17,060] JSON первой версии сохранен
INFO     [2024-06-10 19:41:17,060] Получаю необходимые данные
INFO     [2024-06-10 19:41:17,060] Данные получены
INFO     [2024-06-10 19:41:17,060] Компания: ФБУЗ г. Новый Уренгой
INFO     [2024-06-10 19:41:17,060] Сохраняю JSON итоговый
INFO     [2024-06-10 19:41:17,060] JSON итоговый сохранен
INFO     [2024-06-10 19:41:17,060] Работа с протоколом завершена
INFO     [2024-06-10 19:41:17,060] Протокол перемещен в архив
INFO     [2024-06-10 19:41:17,060] Начинаю работать с протоколом: № 3229-1_Новопортовское НГКМ, ПЖК, емкость (РЧВ)_отбор от 27.02.24+.pdf
INFO     [2024-06-10 19:41:17,060] Преобразую pdf в текст
INFO     [2024-06-10 19:41:17,554] Файл преобразован
INFO     [2024-06-10 19:41:17,554] Сохраняю JSON первой версии
INFO     [2024-06-10 19:41:17,554] JSON первой версии сохранен
INFO     [2024-06-10 19:41:17,554] Получаю необходимые данные
INFO     [2024-06-10 19:41:17,554] Данные получены
INFO     [2024-06-10 19:41:17,554] Компания: ФБУЗ г. Новый Уренгой
INFO     [2024-06-10 19:41:17,554] Сохраняю JSON итоговый
INFO     [2024-06-10 19:41:17,555] JSON итоговый сохранен
INFO     [2024-06-10 19:41:17,555] Работа с протоколом завершена
INFO     [2024-06-10 19:41:17,555] Протокол перемещен в архив
INFO     [2024-06-10 19:41:17,555] Начинаю работать с протоколом: № 4340_Новопортовское мр, ЦПС Вход на ВЗиС ВПУ БМ3_отбор проб от 12.03.24+.pdf
INFO     [2024-06-10 19:41:17,555] Преобразую pdf в текст
INFO     [2024-06-10 19:41:18,114] Файл преобразован
INFO     [2024-06-10 19:41:18,114] Сохраняю JSON первой версии
INFO     [2024-06-10 19:41:18,115] JSON первой версии сохранен
INFO     [2024-06-10 19:41:18,115] Получаю необходимые данные
INFO     [2024-06-10 19:41:18,115] Данные получены
INFO     [2024-06-10 19:41:18,115] Компания: ФБУЗ г. Новый Уренгой
INFO     [2024-06-10 19:41:18,115] Сохраняю JSON итоговый
INFO     [2024-06-10 19:41:18,115] JSON итоговый сохранен
INFO     [2024-06-10 19:41:18,115] Работа с протоколом завершена
INFO     [2024-06-10 19:41:18,115] Протокол перемещен в архив
INFO     [2024-06-10 19:41:18,115] Начинаю работать с протоколом: № 1481_Новопортовское НГКМ , ВЗиС, станция глубокой биологической очистки Астра, выход_от 02.02.24+.pdf
INFO     [2024-06-10 19:41:18,115] Преобразую pdf в текст
INFO     [2024-06-10 19:41:19,031] Файл преобразован
INFO     [2024-06-10 19:41:19,031] Сохраняю JSON первой версии
INFO     [2024-06-10 19:41:19,032] JSON первой версии сохранен
INFO     [2024-06-10 19:41:19,032] Получаю необходимые данные
INFO     [2024-06-10 19:41:19,032] Данные получены
INFO     [2024-06-10 19:41:19,032] Компания: ФБУЗ г. Новый Уренгой
INFO     [2024-06-10 19:41:19,032] Сохраняю JSON итоговый
INFO     [2024-06-10 19:41:19,032] JSON итоговый сохранен
INFO     [2024-06-10 19:41:19,032] Работа с протоколом завершена
INFO     [2024-06-10 19:41:19,032] Протокол перемещен в архив
INFO     [2024-06-10 19:41:19,032] Начинаю работать с протоколом: №4339-1, Новопортовское, ЦПС, вход на ВЗиС ВПУ БМ 3, вне ОА от 12.03.2024+.pdf
INFO     [2024-06-10 19:41:19,032] Преобразую pdf в текст
INFO     [2024-06-10 19:41:19,738] Файл преобразован
INFO     [2024-06-10 19:41:19,738] Сохраняю JSON первой версии
INFO     [2024-06-10 19:41:19,738] JSON первой версии сохранен
INFO     [2024-06-10 19:41:19,738] Получаю необходимые данные
INFO     [2024-06-10 19:41:19,738] Данные получены
INFO     [2024-06-10 19:41:19,739] Компания: ФБУЗ г. Новый Уренгой
INFO     [2024-06-10 19:41:19,739] Сохраняю JSON итоговый
INFO     [2024-06-10 19:41:19,739] JSON итоговый сохранен
INFO     [2024-06-10 19:41:19,739] Работа с протоколом завершена
INFO     [2024-06-10 19:41:19,739] Протокол перемещен в архив
INFO     [2024-06-10 19:41:19,739] Начинаю работать с протоколом: № 3229_Новопортовское НГКМ, ПЖК, емкость (РЧВ)_отбор от 27.02.24+.pdf
INFO     [2024-06-10 19:41:19,739] Преобразую pdf в текст
INFO     [2024-06-10 19:41:21,302] Файл преобразован
INFO     [2024-06-10 19:41:21,303] Сохраняю JSON первой версии
INFO     [2024-06-10 19:41:21,303] JSON первой версии сохранен
INFO     [2024-06-10 19:41:21,303] Получаю необходимые данные
INFO     [2024-06-10 19:41:21,304] Данные получены
INFO     [2024-06-10 19:41:21,304] Компания: ФБУЗ г. Новый Уренгой
INFO     [2024-06-10 19:41:21,304] Сохраняю JSON итоговый
INFO     [2024-06-10 19:41:21,304] JSON итоговый сохранен
INFO     [2024-06-10 19:41:21,304] Работа с протоколом завершена
INFO     [2024-06-10 19:41:21,304] Протокол перемещен в архив
INFO     [2024-06-10 19:41:21,304] Начинаю работать с протоколом: № 1485_Новопортовское месторождение, ЦПС, КОС-50, выход_от 02.02.24+.pdf
INFO     [2024-06-10 19:41:21,304] Преобразую pdf в текст
INFO     [2024-06-10 19:41:22,205] Файл преобразован
INFO     [2024-06-10 19:41:22,205] Сохраняю JSON первой версии
INFO     [2024-06-10 19:41:22,205] JSON первой версии сохранен
INFO     [2024-06-10 19:41:22,205] Получаю необходимые данные
INFO     [2024-06-10 19:41:22,206] Данные получены
INFO     [2024-06-10 19:41:22,206] Компания: ФБУЗ г. Новый Уренгой
INFO     [2024-06-10 19:41:22,206] Сохраняю JSON итоговый
INFO     [2024-06-10 19:41:22,206] JSON итоговый сохранен
INFO     [2024-06-10 19:41:22,206] Работа с протоколом завершена
INFO     [2024-06-10 19:41:22,206] Протокол перемещен в архив
INFO     [2024-06-10 19:41:22,206] Начинаю работать с протоколом: № 1077_Новопортовское НГКМ, ПЖК, Емкость (РЧВ)_отбор от 25.01.24+.pdf
INFO     [2024-06-10 19:41:22,206] Преобразую pdf в текст
INFO     [2024-06-10 19:41:23,127] Файл преобразован
INFO     [2024-06-10 19:41:23,127] Сохраняю JSON первой версии
INFO     [2024-06-10 19:41:23,128] JSON первой версии сохранен
INFO     [2024-06-10 19:41:23,128] Получаю необходимые данные
INFO     [2024-06-10 19:41:23,128] Данные получены
INFO     [2024-06-10 19:41:23,128] Компания: ФБУЗ г. Новый Уренгой
INFO     [2024-06-10 19:41:23,128] Сохраняю JSON итоговый
INFO     [2024-06-10 19:41:23,128] JSON итоговый сохранен
INFO     [2024-06-10 19:41:23,128] Работа с протоколом завершена
INFO     [2024-06-10 19:41:23,129] Протокол перемещен в архив
INFO     [2024-06-10 19:41:23,129] Начинаю работать с протоколом: №4339, Новопортовское, ЦПС, вход на ВЗиС ВПУ БМ 3, микробиология от 12.03.2024+.pdf
INFO     [2024-06-10 19:41:23,129] Преобразую pdf в текст
INFO     [2024-06-10 19:41:24,108] Файл преобразован
INFO     [2024-06-10 19:41:24,108] Сохраняю JSON первой версии
INFO     [2024-06-10 19:41:24,108] JSON первой версии сохранен
INFO     [2024-06-10 19:41:24,108] Получаю необходимые данные
INFO     [2024-06-10 19:41:24,108] Данные получены
INFO     [2024-06-10 19:41:24,109] Компания: ФБУЗ г. Новый Уренгой
INFO     [2024-06-10 19:41:24,109] Сохраняю JSON итоговый
INFO     [2024-06-10 19:41:24,109] JSON итоговый сохранен
INFO     [2024-06-10 19:41:24,109] Работа с протоколом завершена
INFO     [2024-06-10 19:41:24,109] Протокол перемещен в архив
INFO     [2024-06-10 19:41:24,109] Начинаю работать с протоколом: № 1077-1_ПЖК, Емкость (РЧВ)_отбор от 25.01.24_орг+микробиология+.pdf
INFO     [2024-06-10 19:41:24,109] Преобразую pdf в текст
INFO     [2024-06-10 19:41:24,854] Файл преобразован
INFO     [2024-06-10 19:41:24,854] Сохраняю JSON первой версии
INFO     [2024-06-10 19:41:24,855] JSON первой версии сохранен
INFO     [2024-06-10 19:41:24,855] Получаю необходимые данные
INFO     [2024-06-10 19:41:24,855] Данные получены
INFO     [2024-06-10 19:41:24,855] Компания: ФБУЗ г. Новый Уренгой
INFO     [2024-06-10 19:41:24,855] Сохраняю JSON итоговый
INFO     [2024-06-10 19:41:24,855] JSON итоговый сохранен
INFO     [2024-06-10 19:41:24,855] Работа с протоколом завершена
INFO     [2024-06-10 19:41:24,855] Протокол перемещен в архив
INFO     [2024-06-10 19:41:24,855] Начинаю работать с протоколом: № 4369-1_Новопортовское мр, ЦПС, КОС-50, выход_отбор проб от 12.03.24+.pdf
INFO     [2024-06-10 19:41:24,856] Преобразую pdf в текст
INFO     [2024-06-10 19:41:25,465] Файл преобразован
INFO     [2024-06-10 19:41:25,465] Сохраняю JSON первой версии
INFO     [2024-06-10 19:41:25,466] JSON первой версии сохранен
INFO     [2024-06-10 19:41:25,466] Получаю необходимые данные
INFO     [2024-06-10 19:41:25,466] Данные получены
INFO     [2024-06-10 19:41:25,466] Компания: ФБУЗ г. Новый Уренгой
INFO     [2024-06-10 19:41:25,466] Сохраняю JSON итоговый
INFO     [2024-06-10 19:41:25,466] JSON итоговый сохранен
INFO     [2024-06-10 19:41:25,466] Работа с протоколом завершена
INFO     [2024-06-10 19:41:25,466] Протокол перемещен в архив
INFO     [2024-06-10 19:41:25,466] Обработка PDF протоколов завершена
INFO     [2024-06-10 19:41:25,466] Записываю данные в Excel
INFO     [2024-06-10 19:41:25,520] Готово
ERROR    [2024-06-10 19:55:56,471] Файлов PDF по заданному пути нет
ERROR    [2024-06-10 19:59:09,136] Файлов PDF по заданному пути нет
ERROR    [2024-06-10 20:12:06,114] Файлов PDF по заданному пути нет
ERROR    [2024-06-10 20:44:38,193] Файлов PDF по заданному пути нет
ERROR    [2024-06-10 20:44:54,375] Файлов PDF по заданному пути нет
ERROR    [2024-06-10 20:45:37,503] Файлов PDF по заданному пути нет
ERROR    [2024-06-10 21:57:14,799] Файлов PDF по заданному пути нет
ERROR    [2024-06-10 21:57:41,528] Файлов PDF по заданному пути нет
ERROR    [2024-06-10 21:58:08,322] Файлов PDF по заданному пути нет
INFO     [2024-06-11 12:11:18,352] Определил количество протоколов: 17
INFO     [2024-06-11 12:11:18,353] Работаю с PDF протоколами
INFO     [2024-06-11 12:11:18,353] Начинаю работать с протоколом: № 4345_Новопортовское мр, ВЖК АБК_отбор проб от 12.03.24+.pdf
INFO     [2024-06-11 12:11:18,353] Преобразую pdf в текст
INFO     [2024-06-11 12:14:05,411] Определил количество протоколов: 17
INFO     [2024-06-11 12:14:05,411] Работаю с PDF протоколами
INFO     [2024-06-11 12:14:05,411] Начинаю работать с протоколом: № 4345_Новопортовское мр, ВЖК АБК_отбор проб от 12.03.24+.pdf
INFO     [2024-06-11 12:14:05,411] Преобразую pdf в текст
INFO     [2024-06-11 12:14:06,208] Файл преобразован
INFO     [2024-06-11 12:14:06,208] Сохраняю JSON первой версии
INFO     [2024-06-11 12:14:06,209] JSON первой версии сохранен
INFO     [2024-06-11 12:14:06,209] Получаю необходимые данные
INFO     [2024-06-11 12:14:06,209] Данные получены
INFO     [2024-06-11 12:14:06,209] Компания: ФБУЗ г. Новый Уренгой
INFO     [2024-06-11 12:14:06,209] Сохраняю JSON итоговый
INFO     [2024-06-11 12:14:06,210] JSON итоговый сохранен
INFO     [2024-06-11 12:14:06,210] Работа с протоколом завершена
INFO     [2024-06-11 12:14:06,210] Начинаю работать с протоколом: № 4341_Новопортовское мр, ЦПС Вход на ВЗиС ВПУ БМ3_отбор проб от 12.03.24+.pdf
INFO     [2024-06-11 12:14:06,210] Преобразую pdf в текст
INFO     [2024-06-11 12:14:06,807] Файл преобразован
INFO     [2024-06-11 12:14:06,807] Сохраняю JSON первой версии
INFO     [2024-06-11 12:14:06,807] JSON первой версии сохранен
INFO     [2024-06-11 12:14:06,807] Получаю необходимые данные
INFO     [2024-06-11 12:14:06,807] Данные получены
INFO     [2024-06-11 12:14:06,807] Компания: ФБУЗ г. Новый Уренгой
INFO     [2024-06-11 12:14:06,807] Сохраняю JSON итоговый
INFO     [2024-06-11 12:14:06,808] JSON итоговый сохранен
INFO     [2024-06-11 12:14:06,808] Работа с протоколом завершена
INFO     [2024-06-11 12:14:06,808] Начинаю работать с протоколом: № 3212_Новопортовское месторождение, ВЖК, КВО 10,16 выход_отбор от 27.02.24+.pdf
INFO     [2024-06-11 12:14:06,808] Преобразую pdf в текст
INFO     [2024-06-11 12:14:07,954] Файл преобразован
INFO     [2024-06-11 12:14:07,954] Сохраняю JSON первой версии
INFO     [2024-06-11 12:14:07,955] JSON первой версии сохранен
INFO     [2024-06-11 12:14:07,955] Получаю необходимые данные
INFO     [2024-06-11 12:14:07,956] Данные получены
INFO     [2024-06-11 12:14:07,956] Компания: ФБУЗ г. Новый Уренгой
INFO     [2024-06-11 12:14:07,956] Сохраняю JSON итоговый
INFO     [2024-06-11 12:14:07,956] JSON итоговый сохранен
INFO     [2024-06-11 12:14:07,956] Работа с протоколом завершена
INFO     [2024-06-11 12:14:07,956] Начинаю работать с протоколом: № 3227_Новопортовское НГКМ, ПЖК, емкость (РЧВ)_Никель_отбор от 27.02.24+.pdf
INFO     [2024-06-11 12:14:07,956] Преобразую pdf в текст
INFO     [2024-06-11 12:14:08,518] Файл преобразован
INFO     [2024-06-11 12:14:08,518] Сохраняю JSON первой версии
INFO     [2024-06-11 12:14:08,518] JSON первой версии сохранен
INFO     [2024-06-11 12:14:08,518] Получаю необходимые данные
INFO     [2024-06-11 12:14:08,518] Данные получены
INFO     [2024-06-11 12:14:08,518] Компания: ФБУЗ г. Новый Уренгой
INFO     [2024-06-11 12:14:08,519] Сохраняю JSON итоговый
INFO     [2024-06-11 12:14:08,519] JSON итоговый сохранен
INFO     [2024-06-11 12:14:08,519] Работа с протоколом завершена
INFO     [2024-06-11 12:14:08,519] Начинаю работать с протоколом: № 4369_Новопортовское мр, ЦПС, КОС-50, выход_отбор проб от 12.03.24+.pdf
INFO     [2024-06-11 12:14:08,519] Преобразую pdf в текст
INFO     [2024-06-11 12:14:09,495] Файл преобразован
INFO     [2024-06-11 12:14:09,495] Сохраняю JSON первой версии
INFO     [2024-06-11 12:14:09,496] JSON первой версии сохранен
INFO     [2024-06-11 12:14:09,496] Получаю необходимые данные
INFO     [2024-06-11 12:14:09,496] Данные получены
INFO     [2024-06-11 12:14:09,496] Компания: ФБУЗ г. Новый Уренгой
INFO     [2024-06-11 12:14:09,496] Сохраняю JSON итоговый
INFO     [2024-06-11 12:14:09,496] JSON итоговый сохранен
INFO     [2024-06-11 12:14:09,496] Работа с протоколом завершена
INFO     [2024-06-11 12:14:09,496] Начинаю работать с протоколом: № 927_ЦПС Вынгапуровское мр , артезианская скважина №3_радиология+.pdf
INFO     [2024-06-11 12:14:09,496] Преобразую pdf в текст
INFO     [2024-06-11 12:14:09,992] Файл преобразован
INFO     [2024-06-11 12:14:09,992] Сохраняю JSON первой версии
INFO     [2024-06-11 12:14:09,992] JSON первой версии сохранен
INFO     [2024-06-11 12:14:09,992] Получаю необходимые данные
INFO     [2024-06-11 12:14:09,993] Данные получены
INFO     [2024-06-11 12:14:09,993] Компания: ФБУЗ г. Ноябрьск
INFO     [2024-06-11 12:14:09,993] Сохраняю JSON итоговый
INFO     [2024-06-11 12:14:09,993] JSON итоговый сохранен
INFO     [2024-06-11 12:14:09,993] Работа с протоколом завершена
INFO     [2024-06-11 12:14:09,993] Начинаю работать с протоколом: № 3226_Новопортовское НГКМ, ПЖК, емкость (РЧВ)_Кобальт_отбор от 27.02.24+.pdf
INFO     [2024-06-11 12:14:09,993] Преобразую pdf в текст
INFO     [2024-06-11 12:14:10,552] Файл преобразован
INFO     [2024-06-11 12:14:10,552] Сохраняю JSON первой версии
INFO     [2024-06-11 12:14:10,552] JSON первой версии сохранен
INFO     [2024-06-11 12:14:10,552] Получаю необходимые данные
INFO     [2024-06-11 12:14:10,552] Данные получены
INFO     [2024-06-11 12:14:10,552] Компания: ФБУЗ г. Новый Уренгой
INFO     [2024-06-11 12:14:10,552] Сохраняю JSON итоговый
INFO     [2024-06-11 12:14:10,553] JSON итоговый сохранен
INFO     [2024-06-11 12:14:10,553] Работа с протоколом завершена
INFO     [2024-06-11 12:14:10,553] Начинаю работать с протоколом: № 3229-1_Новопортовское НГКМ, ПЖК, емкость (РЧВ)_отбор от 27.02.24+.pdf
INFO     [2024-06-11 12:14:10,553] Преобразую pdf в текст
INFO     [2024-06-11 12:14:11,031] Файл преобразован
INFO     [2024-06-11 12:14:11,031] Сохраняю JSON первой версии
INFO     [2024-06-11 12:14:11,032] JSON первой версии сохранен
INFO     [2024-06-11 12:14:11,032] Получаю необходимые данные
INFO     [2024-06-11 12:14:11,032] Данные получены
INFO     [2024-06-11 12:14:11,032] Компания: ФБУЗ г. Новый Уренгой
INFO     [2024-06-11 12:14:11,032] Сохраняю JSON итоговый
INFO     [2024-06-11 12:14:11,032] JSON итоговый сохранен
INFO     [2024-06-11 12:14:11,032] Работа с протоколом завершена
INFO     [2024-06-11 12:14:11,032] Начинаю работать с протоколом: № 4340_Новопортовское мр, ЦПС Вход на ВЗиС ВПУ БМ3_отбор проб от 12.03.24+.pdf
INFO     [2024-06-11 12:14:11,032] Преобразую pdf в текст
INFO     [2024-06-11 12:14:11,593] Файл преобразован
INFO     [2024-06-11 12:14:11,593] Сохраняю JSON первой версии
INFO     [2024-06-11 12:14:11,594] JSON первой версии сохранен
INFO     [2024-06-11 12:14:11,594] Получаю необходимые данные
INFO     [2024-06-11 12:14:11,594] Данные получены
INFO     [2024-06-11 12:14:11,594] Компания: ФБУЗ г. Новый Уренгой
INFO     [2024-06-11 12:14:11,594] Сохраняю JSON итоговый
INFO     [2024-06-11 12:14:11,594] JSON итоговый сохранен
INFO     [2024-06-11 12:14:11,594] Работа с протоколом завершена
INFO     [2024-06-11 12:14:11,594] Начинаю работать с протоколом: № 1481_Новопортовское НГКМ , ВЗиС, станция глубокой биологической очистки Астра, выход_от 02.02.24+.pdf
INFO     [2024-06-11 12:14:11,594] Преобразую pdf в текст
INFO     [2024-06-11 12:14:12,535] Файл преобразован
INFO     [2024-06-11 12:14:12,535] Сохраняю JSON первой версии
INFO     [2024-06-11 12:14:12,536] JSON первой версии сохранен
INFO     [2024-06-11 12:14:12,536] Получаю необходимые данные
INFO     [2024-06-11 12:14:12,536] Данные получены
INFO     [2024-06-11 12:14:12,536] Компания: ФБУЗ г. Новый Уренгой
INFO     [2024-06-11 12:14:12,536] Сохраняю JSON итоговый
INFO     [2024-06-11 12:14:12,536] JSON итоговый сохранен
INFO     [2024-06-11 12:14:12,536] Работа с протоколом завершена
INFO     [2024-06-11 12:14:12,536] Начинаю работать с протоколом: №4339-1, Новопортовское, ЦПС, вход на ВЗиС ВПУ БМ 3, вне ОА от 12.03.2024+.pdf
INFO     [2024-06-11 12:14:12,536] Преобразую pdf в текст
INFO     [2024-06-11 12:14:13,246] Файл преобразован
INFO     [2024-06-11 12:14:13,246] Сохраняю JSON первой версии
INFO     [2024-06-11 12:14:13,246] JSON первой версии сохранен
INFO     [2024-06-11 12:14:13,246] Получаю необходимые данные
INFO     [2024-06-11 12:14:13,246] Данные получены
INFO     [2024-06-11 12:14:13,246] Компания: ФБУЗ г. Новый Уренгой
INFO     [2024-06-11 12:14:13,246] Сохраняю JSON итоговый
INFO     [2024-06-11 12:14:13,247] JSON итоговый сохранен
INFO     [2024-06-11 12:14:13,247] Работа с протоколом завершена
INFO     [2024-06-11 12:14:13,247] Начинаю работать с протоколом: № 3229_Новопортовское НГКМ, ПЖК, емкость (РЧВ)_отбор от 27.02.24+.pdf
INFO     [2024-06-11 12:14:13,247] Преобразую pdf в текст
INFO     [2024-06-11 12:14:14,845] Файл преобразован
INFO     [2024-06-11 12:14:14,845] Сохраняю JSON первой версии
INFO     [2024-06-11 12:14:14,846] JSON первой версии сохранен
INFO     [2024-06-11 12:14:14,846] Получаю необходимые данные
INFO     [2024-06-11 12:14:14,846] Данные получены
INFO     [2024-06-11 12:14:14,846] Компания: ФБУЗ г. Новый Уренгой
INFO     [2024-06-11 12:14:14,846] Сохраняю JSON итоговый
INFO     [2024-06-11 12:14:14,847] JSON итоговый сохранен
INFO     [2024-06-11 12:14:14,847] Работа с протоколом завершена
INFO     [2024-06-11 12:14:14,847] Начинаю работать с протоколом: № 1485_Новопортовское месторождение, ЦПС, КОС-50, выход_от 02.02.24+.pdf
INFO     [2024-06-11 12:14:14,847] Преобразую pdf в текст
INFO     [2024-06-11 12:14:15,753] Файл преобразован
INFO     [2024-06-11 12:14:15,753] Сохраняю JSON первой версии
INFO     [2024-06-11 12:14:15,753] JSON первой версии сохранен
INFO     [2024-06-11 12:14:15,753] Получаю необходимые данные
INFO     [2024-06-11 12:14:15,754] Данные получены
INFO     [2024-06-11 12:14:15,754] Компания: ФБУЗ г. Новый Уренгой
INFO     [2024-06-11 12:14:15,754] Сохраняю JSON итоговый
INFO     [2024-06-11 12:14:15,754] JSON итоговый сохранен
INFO     [2024-06-11 12:14:15,754] Работа с протоколом завершена
INFO     [2024-06-11 12:14:15,754] Начинаю работать с протоколом: № 1077_Новопортовское НГКМ, ПЖК, Емкость (РЧВ)_отбор от 25.01.24+.pdf
INFO     [2024-06-11 12:14:15,754] Преобразую pdf в текст
INFO     [2024-06-11 12:14:16,699] Файл преобразован
INFO     [2024-06-11 12:14:16,699] Сохраняю JSON первой версии
INFO     [2024-06-11 12:14:16,701] JSON первой версии сохранен
INFO     [2024-06-11 12:14:16,701] Получаю необходимые данные
INFO     [2024-06-11 12:14:16,701] Данные получены
INFO     [2024-06-11 12:14:16,701] Компания: ФБУЗ г. Новый Уренгой
INFO     [2024-06-11 12:14:16,701] Сохраняю JSON итоговый
INFO     [2024-06-11 12:14:16,702] JSON итоговый сохранен
INFO     [2024-06-11 12:14:16,702] Работа с протоколом завершена
INFO     [2024-06-11 12:14:16,702] Начинаю работать с протоколом: №4339, Новопортовское, ЦПС, вход на ВЗиС ВПУ БМ 3, микробиология от 12.03.2024+.pdf
INFO     [2024-06-11 12:14:16,702] Преобразую pdf в текст
INFO     [2024-06-11 12:14:17,697] Файл преобразован
INFO     [2024-06-11 12:14:17,697] Сохраняю JSON первой версии
INFO     [2024-06-11 12:14:17,698] JSON первой версии сохранен
INFO     [2024-06-11 12:14:17,698] Получаю необходимые данные
INFO     [2024-06-11 12:14:17,698] Данные получены
INFO     [2024-06-11 12:14:17,698] Компания: ФБУЗ г. Новый Уренгой
INFO     [2024-06-11 12:14:17,698] Сохраняю JSON итоговый
INFO     [2024-06-11 12:14:17,698] JSON итоговый сохранен
INFO     [2024-06-11 12:14:17,698] Работа с протоколом завершена
INFO     [2024-06-11 12:14:17,698] Начинаю работать с протоколом: № 1077-1_ПЖК, Емкость (РЧВ)_отбор от 25.01.24_орг+микробиология+.pdf
INFO     [2024-06-11 12:14:17,698] Преобразую pdf в текст
INFO     [2024-06-11 12:14:18,437] Файл преобразован
INFO     [2024-06-11 12:14:18,437] Сохраняю JSON первой версии
INFO     [2024-06-11 12:14:18,438] JSON первой версии сохранен
INFO     [2024-06-11 12:14:18,438] Получаю необходимые данные
INFO     [2024-06-11 12:14:18,438] Данные получены
INFO     [2024-06-11 12:14:18,438] Компания: ФБУЗ г. Новый Уренгой
INFO     [2024-06-11 12:14:18,438] Сохраняю JSON итоговый
INFO     [2024-06-11 12:14:18,438] JSON итоговый сохранен
INFO     [2024-06-11 12:14:18,438] Работа с протоколом завершена
INFO     [2024-06-11 12:14:18,438] Начинаю работать с протоколом: № 4369-1_Новопортовское мр, ЦПС, КОС-50, выход_отбор проб от 12.03.24+.pdf
INFO     [2024-06-11 12:14:18,438] Преобразую pdf в текст
INFO     [2024-06-11 12:14:19,056] Файл преобразован
INFO     [2024-06-11 12:14:19,056] Сохраняю JSON первой версии
INFO     [2024-06-11 12:14:19,057] JSON первой версии сохранен
INFO     [2024-06-11 12:14:19,057] Получаю необходимые данные
INFO     [2024-06-11 12:14:19,057] Данные получены
INFO     [2024-06-11 12:14:19,057] Компания: ФБУЗ г. Новый Уренгой
INFO     [2024-06-11 12:14:19,057] Сохраняю JSON итоговый
INFO     [2024-06-11 12:14:19,057] JSON итоговый сохранен
INFO     [2024-06-11 12:14:19,057] Работа с протоколом завершена
INFO     [2024-06-11 12:14:19,057] Обработка PDF протоколов завершена
INFO     [2024-06-11 12:14:19,057] Записываю данные в Excel
INFO     [2024-06-11 12:15:19,572] Определил количество протоколов: 17
INFO     [2024-06-11 12:15:19,572] Работаю с PDF протоколами
INFO     [2024-06-11 12:15:19,572] Начинаю работать с протоколом: № 4345_Новопортовское мр, ВЖК АБК_отбор проб от 12.03.24+.pdf
INFO     [2024-06-11 12:15:19,572] Преобразую pdf в текст
INFO     [2024-06-11 12:15:20,392] Файл преобразован
INFO     [2024-06-11 12:15:20,392] Сохраняю JSON первой версии
INFO     [2024-06-11 12:15:20,392] JSON первой версии сохранен
INFO     [2024-06-11 12:15:20,392] Получаю необходимые данные
INFO     [2024-06-11 12:15:20,393] Данные получены
INFO     [2024-06-11 12:15:20,393] Компания: ФБУЗ г. Новый Уренгой
INFO     [2024-06-11 12:15:20,393] Сохраняю JSON итоговый
INFO     [2024-06-11 12:15:20,393] JSON итоговый сохранен
INFO     [2024-06-11 12:15:20,393] Работа с протоколом завершена
INFO     [2024-06-11 12:15:20,393] Начинаю работать с протоколом: № 4341_Новопортовское мр, ЦПС Вход на ВЗиС ВПУ БМ3_отбор проб от 12.03.24+.pdf
INFO     [2024-06-11 12:15:20,393] Преобразую pdf в текст
INFO     [2024-06-11 12:15:20,954] Файл преобразован
INFO     [2024-06-11 12:15:20,954] Сохраняю JSON первой версии
INFO     [2024-06-11 12:15:20,955] JSON первой версии сохранен
INFO     [2024-06-11 12:15:20,955] Получаю необходимые данные
INFO     [2024-06-11 12:15:20,955] Данные получены
INFO     [2024-06-11 12:15:20,955] Компания: ФБУЗ г. Новый Уренгой
INFO     [2024-06-11 12:15:20,955] Сохраняю JSON итоговый
INFO     [2024-06-11 12:15:20,955] JSON итоговый сохранен
INFO     [2024-06-11 12:15:20,955] Работа с протоколом завершена
INFO     [2024-06-11 12:15:20,955] Начинаю работать с протоколом: № 3212_Новопортовское месторождение, ВЖК, КВО 10,16 выход_отбор от 27.02.24+.pdf
INFO     [2024-06-11 12:15:20,955] Преобразую pdf в текст
INFO     [2024-06-11 12:15:22,100] Файл преобразован
INFO     [2024-06-11 12:15:22,100] Сохраняю JSON первой версии
INFO     [2024-06-11 12:15:22,100] JSON первой версии сохранен
INFO     [2024-06-11 12:15:22,100] Получаю необходимые данные
INFO     [2024-06-11 12:15:22,101] Данные получены
INFO     [2024-06-11 12:15:22,101] Компания: ФБУЗ г. Новый Уренгой
INFO     [2024-06-11 12:15:22,101] Сохраняю JSON итоговый
INFO     [2024-06-11 12:15:22,101] JSON итоговый сохранен
INFO     [2024-06-11 12:15:22,101] Работа с протоколом завершена
INFO     [2024-06-11 12:15:22,101] Начинаю работать с протоколом: № 3227_Новопортовское НГКМ, ПЖК, емкость (РЧВ)_Никель_отбор от 27.02.24+.pdf
INFO     [2024-06-11 12:15:22,101] Преобразую pdf в текст
INFO     [2024-06-11 12:15:22,691] Файл преобразован
INFO     [2024-06-11 12:15:22,691] Сохраняю JSON первой версии
INFO     [2024-06-11 12:15:22,691] JSON первой версии сохранен
INFO     [2024-06-11 12:15:22,691] Получаю необходимые данные
INFO     [2024-06-11 12:15:22,691] Данные получены
INFO     [2024-06-11 12:15:22,691] Компания: ФБУЗ г. Новый Уренгой
INFO     [2024-06-11 12:15:22,691] Сохраняю JSON итоговый
INFO     [2024-06-11 12:15:22,692] JSON итоговый сохранен
INFO     [2024-06-11 12:15:22,692] Работа с протоколом завершена
INFO     [2024-06-11 12:15:22,692] Начинаю работать с протоколом: № 4369_Новопортовское мр, ЦПС, КОС-50, выход_отбор проб от 12.03.24+.pdf
INFO     [2024-06-11 12:15:22,692] Преобразую pdf в текст
INFO     [2024-06-11 12:15:23,678] Файл преобразован
INFO     [2024-06-11 12:15:23,678] Сохраняю JSON первой версии
INFO     [2024-06-11 12:15:23,678] JSON первой версии сохранен
INFO     [2024-06-11 12:15:23,679] Получаю необходимые данные
INFO     [2024-06-11 12:15:23,679] Данные получены
INFO     [2024-06-11 12:15:23,679] Компания: ФБУЗ г. Новый Уренгой
INFO     [2024-06-11 12:15:23,679] Сохраняю JSON итоговый
INFO     [2024-06-11 12:15:23,679] JSON итоговый сохранен
INFO     [2024-06-11 12:15:23,679] Работа с протоколом завершена
INFO     [2024-06-11 12:15:23,679] Начинаю работать с протоколом: № 927_ЦПС Вынгапуровское мр , артезианская скважина №3_радиология+.pdf
INFO     [2024-06-11 12:15:23,679] Преобразую pdf в текст
INFO     [2024-06-11 12:15:24,169] Файл преобразован
INFO     [2024-06-11 12:15:24,170] Сохраняю JSON первой версии
INFO     [2024-06-11 12:15:24,170] JSON первой версии сохранен
INFO     [2024-06-11 12:15:24,170] Получаю необходимые данные
INFO     [2024-06-11 12:15:24,170] Данные получены
INFO     [2024-06-11 12:15:24,170] Компания: ФБУЗ г. Ноябрьск
INFO     [2024-06-11 12:15:24,170] Сохраняю JSON итоговый
INFO     [2024-06-11 12:15:24,170] JSON итоговый сохранен
INFO     [2024-06-11 12:15:24,170] Работа с протоколом завершена
INFO     [2024-06-11 12:15:24,170] Начинаю работать с протоколом: № 3226_Новопортовское НГКМ, ПЖК, емкость (РЧВ)_Кобальт_отбор от 27.02.24+.pdf
INFO     [2024-06-11 12:15:24,170] Преобразую pdf в текст
INFO     [2024-06-11 12:15:24,734] Файл преобразован
INFO     [2024-06-11 12:15:24,734] Сохраняю JSON первой версии
INFO     [2024-06-11 12:15:24,734] JSON первой версии сохранен
INFO     [2024-06-11 12:15:24,735] Получаю необходимые данные
INFO     [2024-06-11 12:15:24,735] Данные получены
INFO     [2024-06-11 12:15:24,735] Компания: ФБУЗ г. Новый Уренгой
INFO     [2024-06-11 12:15:24,735] Сохраняю JSON итоговый
INFO     [2024-06-11 12:15:24,735] JSON итоговый сохранен
INFO     [2024-06-11 12:15:24,735] Работа с протоколом завершена
INFO     [2024-06-11 12:15:24,735] Начинаю работать с протоколом: № 3229-1_Новопортовское НГКМ, ПЖК, емкость (РЧВ)_отбор от 27.02.24+.pdf
INFO     [2024-06-11 12:15:24,735] Преобразую pdf в текст
INFO     [2024-06-11 12:15:25,227] Файл преобразован
INFO     [2024-06-11 12:15:25,227] Сохраняю JSON первой версии
INFO     [2024-06-11 12:15:25,228] JSON первой версии сохранен
INFO     [2024-06-11 12:15:25,228] Получаю необходимые данные
INFO     [2024-06-11 12:15:25,228] Данные получены
INFO     [2024-06-11 12:15:25,228] Компания: ФБУЗ г. Новый Уренгой
INFO     [2024-06-11 12:15:25,228] Сохраняю JSON итоговый
INFO     [2024-06-11 12:15:25,228] JSON итоговый сохранен
INFO     [2024-06-11 12:15:25,228] Работа с протоколом завершена
INFO     [2024-06-11 12:15:25,228] Начинаю работать с протоколом: № 4340_Новопортовское мр, ЦПС Вход на ВЗиС ВПУ БМ3_отбор проб от 12.03.24+.pdf
INFO     [2024-06-11 12:15:25,228] Преобразую pdf в текст
INFO     [2024-06-11 12:15:25,797] Файл преобразован
INFO     [2024-06-11 12:15:25,797] Сохраняю JSON первой версии
INFO     [2024-06-11 12:15:25,797] JSON первой версии сохранен
INFO     [2024-06-11 12:15:25,797] Получаю необходимые данные
INFO     [2024-06-11 12:15:25,797] Данные получены
INFO     [2024-06-11 12:15:25,798] Компания: ФБУЗ г. Новый Уренгой
INFO     [2024-06-11 12:15:25,798] Сохраняю JSON итоговый
INFO     [2024-06-11 12:15:25,798] JSON итоговый сохранен
INFO     [2024-06-11 12:15:25,798] Работа с протоколом завершена
INFO     [2024-06-11 12:15:25,798] Начинаю работать с протоколом: № 1481_Новопортовское НГКМ , ВЗиС, станция глубокой биологической очистки Астра, выход_от 02.02.24+.pdf
INFO     [2024-06-11 12:15:25,798] Преобразую pdf в текст
INFO     [2024-06-11 12:15:26,741] Файл преобразован
INFO     [2024-06-11 12:15:26,742] Сохраняю JSON первой версии
INFO     [2024-06-11 12:15:26,742] JSON первой версии сохранен
INFO     [2024-06-11 12:15:26,742] Получаю необходимые данные
INFO     [2024-06-11 12:15:26,742] Данные получены
INFO     [2024-06-11 12:15:26,742] Компания: ФБУЗ г. Новый Уренгой
INFO     [2024-06-11 12:15:26,742] Сохраняю JSON итоговый
INFO     [2024-06-11 12:15:26,742] JSON итоговый сохранен
INFO     [2024-06-11 12:15:26,742] Работа с протоколом завершена
INFO     [2024-06-11 12:15:26,742] Начинаю работать с протоколом: №4339-1, Новопортовское, ЦПС, вход на ВЗиС ВПУ БМ 3, вне ОА от 12.03.2024+.pdf
INFO     [2024-06-11 12:15:26,742] Преобразую pdf в текст
INFO     [2024-06-11 12:15:27,462] Файл преобразован
INFO     [2024-06-11 12:15:27,462] Сохраняю JSON первой версии
INFO     [2024-06-11 12:15:27,462] JSON первой версии сохранен
INFO     [2024-06-11 12:15:27,462] Получаю необходимые данные
INFO     [2024-06-11 12:15:27,462] Данные получены
INFO     [2024-06-11 12:15:27,462] Компания: ФБУЗ г. Новый Уренгой
INFO     [2024-06-11 12:15:27,462] Сохраняю JSON итоговый
INFO     [2024-06-11 12:15:27,463] JSON итоговый сохранен
INFO     [2024-06-11 12:15:27,463] Работа с протоколом завершена
INFO     [2024-06-11 12:15:27,463] Начинаю работать с протоколом: № 3229_Новопортовское НГКМ, ПЖК, емкость (РЧВ)_отбор от 27.02.24+.pdf
INFO     [2024-06-11 12:15:27,463] Преобразую pdf в текст
INFO     [2024-06-11 12:15:29,052] Файл преобразован
INFO     [2024-06-11 12:15:29,052] Сохраняю JSON первой версии
INFO     [2024-06-11 12:15:29,053] JSON первой версии сохранен
INFO     [2024-06-11 12:15:29,053] Получаю необходимые данные
INFO     [2024-06-11 12:15:29,053] Данные получены
INFO     [2024-06-11 12:15:29,053] Компания: ФБУЗ г. Новый Уренгой
INFO     [2024-06-11 12:15:29,053] Сохраняю JSON итоговый
INFO     [2024-06-11 12:15:29,054] JSON итоговый сохранен
INFO     [2024-06-11 12:15:29,054] Работа с протоколом завершена
INFO     [2024-06-11 12:15:29,054] Начинаю работать с протоколом: № 1485_Новопортовское месторождение, ЦПС, КОС-50, выход_от 02.02.24+.pdf
INFO     [2024-06-11 12:15:29,054] Преобразую pdf в текст
INFO     [2024-06-11 12:15:29,957] Файл преобразован
INFO     [2024-06-11 12:15:29,957] Сохраняю JSON первой версии
INFO     [2024-06-11 12:15:29,958] JSON первой версии сохранен
INFO     [2024-06-11 12:15:29,958] Получаю необходимые данные
INFO     [2024-06-11 12:15:29,958] Данные получены
INFO     [2024-06-11 12:15:29,958] Компания: ФБУЗ г. Новый Уренгой
INFO     [2024-06-11 12:15:29,958] Сохраняю JSON итоговый
INFO     [2024-06-11 12:15:29,958] JSON итоговый сохранен
INFO     [2024-06-11 12:15:29,958] Работа с протоколом завершена
INFO     [2024-06-11 12:15:29,958] Начинаю работать с протоколом: № 1077_Новопортовское НГКМ, ПЖК, Емкость (РЧВ)_отбор от 25.01.24+.pdf
INFO     [2024-06-11 12:15:29,958] Преобразую pdf в текст
INFO     [2024-06-11 12:15:30,915] Файл преобразован
INFO     [2024-06-11 12:15:30,915] Сохраняю JSON первой версии
INFO     [2024-06-11 12:15:30,916] JSON первой версии сохранен
INFO     [2024-06-11 12:15:30,916] Получаю необходимые данные
INFO     [2024-06-11 12:15:30,916] Данные получены
INFO     [2024-06-11 12:15:30,916] Компания: ФБУЗ г. Новый Уренгой
INFO     [2024-06-11 12:15:30,916] Сохраняю JSON итоговый
INFO     [2024-06-11 12:15:30,916] JSON итоговый сохранен
INFO     [2024-06-11 12:15:30,916] Работа с протоколом завершена
INFO     [2024-06-11 12:15:30,916] Начинаю работать с протоколом: №4339, Новопортовское, ЦПС, вход на ВЗиС ВПУ БМ 3, микробиология от 12.03.2024+.pdf
INFO     [2024-06-11 12:15:30,916] Преобразую pdf в текст
INFO     [2024-06-11 12:15:31,904] Файл преобразован
INFO     [2024-06-11 12:15:31,904] Сохраняю JSON первой версии
INFO     [2024-06-11 12:15:31,904] JSON первой версии сохранен
INFO     [2024-06-11 12:15:31,904] Получаю необходимые данные
INFO     [2024-06-11 12:15:31,905] Данные получены
INFO     [2024-06-11 12:15:31,905] Компания: ФБУЗ г. Новый Уренгой
INFO     [2024-06-11 12:15:31,905] Сохраняю JSON итоговый
INFO     [2024-06-11 12:15:31,905] JSON итоговый сохранен
INFO     [2024-06-11 12:15:31,905] Работа с протоколом завершена
INFO     [2024-06-11 12:15:31,905] Начинаю работать с протоколом: № 1077-1_ПЖК, Емкость (РЧВ)_отбор от 25.01.24_орг+микробиология+.pdf
INFO     [2024-06-11 12:15:31,905] Преобразую pdf в текст
INFO     [2024-06-11 12:15:32,641] Файл преобразован
INFO     [2024-06-11 12:15:32,641] Сохраняю JSON первой версии
INFO     [2024-06-11 12:15:32,641] JSON первой версии сохранен
INFO     [2024-06-11 12:15:32,641] Получаю необходимые данные
INFO     [2024-06-11 12:15:32,641] Данные получены
INFO     [2024-06-11 12:15:32,641] Компания: ФБУЗ г. Новый Уренгой
INFO     [2024-06-11 12:15:32,641] Сохраняю JSON итоговый
INFO     [2024-06-11 12:15:32,641] JSON итоговый сохранен
INFO     [2024-06-11 12:15:32,642] Работа с протоколом завершена
INFO     [2024-06-11 12:15:32,642] Начинаю работать с протоколом: № 4369-1_Новопортовское мр, ЦПС, КОС-50, выход_отбор проб от 12.03.24+.pdf
INFO     [2024-06-11 12:15:32,642] Преобразую pdf в текст
INFO     [2024-06-11 12:15:33,268] Файл преобразован
INFO     [2024-06-11 12:15:33,268] Сохраняю JSON первой версии
INFO     [2024-06-11 12:15:33,268] JSON первой версии сохранен
INFO     [2024-06-11 12:15:33,268] Получаю необходимые данные
INFO     [2024-06-11 12:15:33,269] Данные получены
INFO     [2024-06-11 12:15:33,269] Компания: ФБУЗ г. Новый Уренгой
INFO     [2024-06-11 12:15:33,269] Сохраняю JSON итоговый
INFO     [2024-06-11 12:15:33,269] JSON итоговый сохранен
INFO     [2024-06-11 12:15:33,269] Работа с протоколом завершена
INFO     [2024-06-11 12:15:33,269] Обработка PDF протоколов завершена
INFO     [2024-06-11 12:15:33,269] Записываю данные в Excel
INFO     [2024-06-11 12:15:33,327] Готово
ERROR    [2024-06-11 12:19:57,977] Файлов PDF по заданному пути нет
INFO     [2024-06-11 12:21:13,043] Определил количество протоколов: 17
INFO     [2024-06-11 12:21:13,043] Работаю с PDF протоколами
INFO     [2024-06-11 12:21:13,043] Начинаю работать с протоколом: № 4345_Новопортовское мр, ВЖК АБК_отбор проб от 12.03.24+.pdf
INFO     [2024-06-11 12:21:13,043] Преобразую pdf в текст
INFO     [2024-06-11 12:21:13,858] Файл преобразован
INFO     [2024-06-11 12:21:13,858] Сохраняю JSON первой версии
INFO     [2024-06-11 12:21:13,858] JSON первой версии сохранен
INFO     [2024-06-11 12:21:13,858] Получаю необходимые данные
INFO     [2024-06-11 12:21:13,859] Данные получены
INFO     [2024-06-11 12:21:13,859] Компания: ФБУЗ г. Новый Уренгой
INFO     [2024-06-11 12:21:13,859] Сохраняю JSON итоговый
INFO     [2024-06-11 12:21:13,859] JSON итоговый сохранен
INFO     [2024-06-11 12:21:13,859] Работа с протоколом завершена
INFO     [2024-06-11 12:21:13,859] Начинаю работать с протоколом: № 4341_Новопортовское мр, ЦПС Вход на ВЗиС ВПУ БМ3_отбор проб от 12.03.24+.pdf
INFO     [2024-06-11 12:21:13,859] Преобразую pdf в текст
INFO     [2024-06-11 12:21:14,417] Файл преобразован
INFO     [2024-06-11 12:21:14,417] Сохраняю JSON первой версии
INFO     [2024-06-11 12:21:14,417] JSON первой версии сохранен
INFO     [2024-06-11 12:21:14,417] Получаю необходимые данные
INFO     [2024-06-11 12:21:14,418] Данные получены
INFO     [2024-06-11 12:21:14,418] Компания: ФБУЗ г. Новый Уренгой
INFO     [2024-06-11 12:21:14,418] Сохраняю JSON итоговый
INFO     [2024-06-11 12:21:14,418] JSON итоговый сохранен
INFO     [2024-06-11 12:21:14,418] Работа с протоколом завершена
INFO     [2024-06-11 12:21:14,418] Начинаю работать с протоколом: № 3212_Новопортовское месторождение, ВЖК, КВО 10,16 выход_отбор от 27.02.24+.pdf
INFO     [2024-06-11 12:21:14,418] Преобразую pdf в текст
INFO     [2024-06-11 12:21:15,544] Файл преобразован
INFO     [2024-06-11 12:21:15,544] Сохраняю JSON первой версии
INFO     [2024-06-11 12:21:15,545] JSON первой версии сохранен
INFO     [2024-06-11 12:21:15,545] Получаю необходимые данные
INFO     [2024-06-11 12:21:15,545] Данные получены
INFO     [2024-06-11 12:21:15,545] Компания: ФБУЗ г. Новый Уренгой
INFO     [2024-06-11 12:21:15,545] Сохраняю JSON итоговый
INFO     [2024-06-11 12:21:15,545] JSON итоговый сохранен
INFO     [2024-06-11 12:21:15,545] Работа с протоколом завершена
INFO     [2024-06-11 12:21:15,545] Начинаю работать с протоколом: № 3227_Новопортовское НГКМ, ПЖК, емкость (РЧВ)_Никель_отбор от 27.02.24+.pdf
INFO     [2024-06-11 12:21:15,545] Преобразую pdf в текст
INFO     [2024-06-11 12:21:16,099] Файл преобразован
INFO     [2024-06-11 12:21:16,100] Сохраняю JSON первой версии
INFO     [2024-06-11 12:21:16,100] JSON первой версии сохранен
INFO     [2024-06-11 12:21:16,100] Получаю необходимые данные
INFO     [2024-06-11 12:21:16,100] Данные получены
INFO     [2024-06-11 12:21:16,100] Компания: ФБУЗ г. Новый Уренгой
INFO     [2024-06-11 12:21:16,100] Сохраняю JSON итоговый
INFO     [2024-06-11 12:21:16,100] JSON итоговый сохранен
INFO     [2024-06-11 12:21:16,100] Работа с протоколом завершена
INFO     [2024-06-11 12:21:16,100] Начинаю работать с протоколом: № 4369_Новопортовское мр, ЦПС, КОС-50, выход_отбор проб от 12.03.24+.pdf
INFO     [2024-06-11 12:21:16,100] Преобразую pdf в текст
INFO     [2024-06-11 12:21:17,068] Файл преобразован
INFO     [2024-06-11 12:21:17,068] Сохраняю JSON первой версии
INFO     [2024-06-11 12:21:17,069] JSON первой версии сохранен
INFO     [2024-06-11 12:21:17,069] Получаю необходимые данные
INFO     [2024-06-11 12:21:17,069] Данные получены
INFO     [2024-06-11 12:21:17,069] Компания: ФБУЗ г. Новый Уренгой
INFO     [2024-06-11 12:21:17,069] Сохраняю JSON итоговый
INFO     [2024-06-11 12:21:17,069] JSON итоговый сохранен
INFO     [2024-06-11 12:21:17,069] Работа с протоколом завершена
INFO     [2024-06-11 12:21:17,069] Начинаю работать с протоколом: № 927_ЦПС Вынгапуровское мр , артезианская скважина №3_радиология+.pdf
INFO     [2024-06-11 12:21:17,069] Преобразую pdf в текст
INFO     [2024-06-11 12:21:17,558] Файл преобразован
INFO     [2024-06-11 12:21:17,558] Сохраняю JSON первой версии
INFO     [2024-06-11 12:21:17,559] JSON первой версии сохранен
INFO     [2024-06-11 12:21:17,559] Получаю необходимые данные
INFO     [2024-06-11 12:21:17,559] Данные получены
INFO     [2024-06-11 12:21:17,559] Компания: ФБУЗ г. Ноябрьск
INFO     [2024-06-11 12:21:17,559] Сохраняю JSON итоговый
INFO     [2024-06-11 12:21:17,559] JSON итоговый сохранен
INFO     [2024-06-11 12:21:17,559] Работа с протоколом завершена
INFO     [2024-06-11 12:21:17,559] Начинаю работать с протоколом: № 3226_Новопортовское НГКМ, ПЖК, емкость (РЧВ)_Кобальт_отбор от 27.02.24+.pdf
INFO     [2024-06-11 12:21:17,559] Преобразую pdf в текст
INFO     [2024-06-11 12:21:18,114] Файл преобразован
INFO     [2024-06-11 12:21:18,114] Сохраняю JSON первой версии
INFO     [2024-06-11 12:21:18,115] JSON первой версии сохранен
INFO     [2024-06-11 12:21:18,115] Получаю необходимые данные
INFO     [2024-06-11 12:21:18,115] Данные получены
INFO     [2024-06-11 12:21:18,115] Компания: ФБУЗ г. Новый Уренгой
INFO     [2024-06-11 12:21:18,115] Сохраняю JSON итоговый
INFO     [2024-06-11 12:21:18,115] JSON итоговый сохранен
INFO     [2024-06-11 12:21:18,115] Работа с протоколом завершена
INFO     [2024-06-11 12:21:18,115] Начинаю работать с протоколом: № 3229-1_Новопортовское НГКМ, ПЖК, емкость (РЧВ)_отбор от 27.02.24+.pdf
INFO     [2024-06-11 12:21:18,115] Преобразую pdf в текст
INFO     [2024-06-11 12:21:18,591] Файл преобразован
INFO     [2024-06-11 12:21:18,591] Сохраняю JSON первой версии
INFO     [2024-06-11 12:21:18,592] JSON первой версии сохранен
INFO     [2024-06-11 12:21:18,592] Получаю необходимые данные
INFO     [2024-06-11 12:21:18,592] Данные получены
INFO     [2024-06-11 12:21:18,592] Компания: ФБУЗ г. Новый Уренгой
INFO     [2024-06-11 12:21:18,592] Сохраняю JSON итоговый
INFO     [2024-06-11 12:21:18,592] JSON итоговый сохранен
INFO     [2024-06-11 12:21:18,592] Работа с протоколом завершена
INFO     [2024-06-11 12:21:18,592] Начинаю работать с протоколом: № 4340_Новопортовское мр, ЦПС Вход на ВЗиС ВПУ БМ3_отбор проб от 12.03.24+.pdf
INFO     [2024-06-11 12:21:18,592] Преобразую pdf в текст
INFO     [2024-06-11 12:21:19,149] Файл преобразован
INFO     [2024-06-11 12:21:19,149] Сохраняю JSON первой версии
INFO     [2024-06-11 12:21:19,149] JSON первой версии сохранен
INFO     [2024-06-11 12:21:19,149] Получаю необходимые данные
INFO     [2024-06-11 12:21:19,149] Данные получены
INFO     [2024-06-11 12:21:19,149] Компания: ФБУЗ г. Новый Уренгой
INFO     [2024-06-11 12:21:19,149] Сохраняю JSON итоговый
INFO     [2024-06-11 12:21:19,149] JSON итоговый сохранен
INFO     [2024-06-11 12:21:19,149] Работа с протоколом завершена
INFO     [2024-06-11 12:21:19,149] Начинаю работать с протоколом: № 1481_Новопортовское НГКМ , ВЗиС, станция глубокой биологической очистки Астра, выход_от 02.02.24+.pdf
INFO     [2024-06-11 12:21:19,149] Преобразую pdf в текст
INFO     [2024-06-11 12:21:20,075] Файл преобразован
INFO     [2024-06-11 12:21:20,075] Сохраняю JSON первой версии
INFO     [2024-06-11 12:21:20,076] JSON первой версии сохранен
INFO     [2024-06-11 12:21:20,076] Получаю необходимые данные
INFO     [2024-06-11 12:21:20,076] Данные получены
INFO     [2024-06-11 12:21:20,076] Компания: ФБУЗ г. Новый Уренгой
INFO     [2024-06-11 12:21:20,076] Сохраняю JSON итоговый
INFO     [2024-06-11 12:21:20,076] JSON итоговый сохранен
INFO     [2024-06-11 12:21:20,076] Работа с протоколом завершена
INFO     [2024-06-11 12:21:20,076] Начинаю работать с протоколом: №4339-1, Новопортовское, ЦПС, вход на ВЗиС ВПУ БМ 3, вне ОА от 12.03.2024+.pdf
INFO     [2024-06-11 12:21:20,076] Преобразую pdf в текст
INFO     [2024-06-11 12:21:20,779] Файл преобразован
INFO     [2024-06-11 12:21:20,779] Сохраняю JSON первой версии
INFO     [2024-06-11 12:21:20,779] JSON первой версии сохранен
INFO     [2024-06-11 12:21:20,779] Получаю необходимые данные
INFO     [2024-06-11 12:21:20,779] Данные получены
INFO     [2024-06-11 12:21:20,779] Компания: ФБУЗ г. Новый Уренгой
INFO     [2024-06-11 12:21:20,779] Сохраняю JSON итоговый
INFO     [2024-06-11 12:21:20,780] JSON итоговый сохранен
INFO     [2024-06-11 12:21:20,780] Работа с протоколом завершена
INFO     [2024-06-11 12:21:20,780] Начинаю работать с протоколом: № 3229_Новопортовское НГКМ, ПЖК, емкость (РЧВ)_отбор от 27.02.24+.pdf
INFO     [2024-06-11 12:21:20,780] Преобразую pdf в текст
INFO     [2024-06-11 12:21:22,404] Файл преобразован
INFO     [2024-06-11 12:21:22,404] Сохраняю JSON первой версии
INFO     [2024-06-11 12:21:22,405] JSON первой версии сохранен
INFO     [2024-06-11 12:21:22,405] Получаю необходимые данные
INFO     [2024-06-11 12:21:22,405] Данные получены
INFO     [2024-06-11 12:21:22,405] Компания: ФБУЗ г. Новый Уренгой
INFO     [2024-06-11 12:21:22,405] Сохраняю JSON итоговый
INFO     [2024-06-11 12:21:22,406] JSON итоговый сохранен
INFO     [2024-06-11 12:21:22,406] Работа с протоколом завершена
INFO     [2024-06-11 12:21:22,406] Начинаю работать с протоколом: № 1485_Новопортовское месторождение, ЦПС, КОС-50, выход_от 02.02.24+.pdf
INFO     [2024-06-11 12:21:22,406] Преобразую pdf в текст
INFO     [2024-06-11 12:21:23,318] Файл преобразован
INFO     [2024-06-11 12:21:23,318] Сохраняю JSON первой версии
INFO     [2024-06-11 12:21:23,319] JSON первой версии сохранен
INFO     [2024-06-11 12:21:23,319] Получаю необходимые данные
INFO     [2024-06-11 12:21:23,319] Данные получены
INFO     [2024-06-11 12:21:23,319] Компания: ФБУЗ г. Новый Уренгой
INFO     [2024-06-11 12:21:23,319] Сохраняю JSON итоговый
INFO     [2024-06-11 12:21:23,319] JSON итоговый сохранен
INFO     [2024-06-11 12:21:23,319] Работа с протоколом завершена
INFO     [2024-06-11 12:21:23,319] Начинаю работать с протоколом: № 1077_Новопортовское НГКМ, ПЖК, Емкость (РЧВ)_отбор от 25.01.24+.pdf
INFO     [2024-06-11 12:21:23,319] Преобразую pdf в текст
INFO     [2024-06-11 12:21:24,276] Файл преобразован
INFO     [2024-06-11 12:21:24,276] Сохраняю JSON первой версии
INFO     [2024-06-11 12:21:24,276] JSON первой версии сохранен
INFO     [2024-06-11 12:21:24,276] Получаю необходимые данные
INFO     [2024-06-11 12:21:24,277] Данные получены
INFO     [2024-06-11 12:21:24,277] Компания: ФБУЗ г. Новый Уренгой
INFO     [2024-06-11 12:21:24,277] Сохраняю JSON итоговый
INFO     [2024-06-11 12:21:24,277] JSON итоговый сохранен
INFO     [2024-06-11 12:21:24,277] Работа с протоколом завершена
INFO     [2024-06-11 12:21:24,277] Начинаю работать с протоколом: №4339, Новопортовское, ЦПС, вход на ВЗиС ВПУ БМ 3, микробиология от 12.03.2024+.pdf
INFO     [2024-06-11 12:21:24,277] Преобразую pdf в текст
INFO     [2024-06-11 12:21:25,277] Файл преобразован
INFO     [2024-06-11 12:21:25,277] Сохраняю JSON первой версии
INFO     [2024-06-11 12:21:25,277] JSON первой версии сохранен
INFO     [2024-06-11 12:21:25,277] Получаю необходимые данные
INFO     [2024-06-11 12:21:25,278] Данные получены
INFO     [2024-06-11 12:21:25,278] Компания: ФБУЗ г. Новый Уренгой
INFO     [2024-06-11 12:21:25,278] Сохраняю JSON итоговый
INFO     [2024-06-11 12:21:25,278] JSON итоговый сохранен
INFO     [2024-06-11 12:21:25,278] Работа с протоколом завершена
INFO     [2024-06-11 12:21:25,278] Начинаю работать с протоколом: № 1077-1_ПЖК, Емкость (РЧВ)_отбор от 25.01.24_орг+микробиология+.pdf
INFO     [2024-06-11 12:21:25,278] Преобразую pdf в текст
INFO     [2024-06-11 12:21:26,019] Файл преобразован
INFO     [2024-06-11 12:21:26,019] Сохраняю JSON первой версии
INFO     [2024-06-11 12:21:26,019] JSON первой версии сохранен
INFO     [2024-06-11 12:21:26,019] Получаю необходимые данные
INFO     [2024-06-11 12:21:26,020] Данные получены
INFO     [2024-06-11 12:21:26,020] Компания: ФБУЗ г. Новый Уренгой
INFO     [2024-06-11 12:21:26,020] Сохраняю JSON итоговый
INFO     [2024-06-11 12:21:26,020] JSON итоговый сохранен
INFO     [2024-06-11 12:21:26,020] Работа с протоколом завершена
INFO     [2024-06-11 12:21:26,020] Начинаю работать с протоколом: № 4369-1_Новопортовское мр, ЦПС, КОС-50, выход_отбор проб от 12.03.24+.pdf
INFO     [2024-06-11 12:21:26,020] Преобразую pdf в текст
INFO     [2024-06-11 12:21:26,644] Файл преобразован
INFO     [2024-06-11 12:21:26,644] Сохраняю JSON первой версии
INFO     [2024-06-11 12:21:26,644] JSON первой версии сохранен
INFO     [2024-06-11 12:21:26,644] Получаю необходимые данные
INFO     [2024-06-11 12:21:26,645] Данные получены
INFO     [2024-06-11 12:21:26,645] Компания: ФБУЗ г. Новый Уренгой
INFO     [2024-06-11 12:21:26,645] Сохраняю JSON итоговый
INFO     [2024-06-11 12:21:26,645] JSON итоговый сохранен
INFO     [2024-06-11 12:21:26,645] Работа с протоколом завершена
INFO     [2024-06-11 12:21:26,645] Обработка PDF протоколов завершена
INFO     [2024-06-11 12:21:26,645] Записываю данные в Excel
INFO     [2024-06-11 12:21:26,700] Готово
INFO     [2024-06-23 14:54:55,548]     :   PDF: dir/, : False, : True,  JSON: True.
INFO     [2024-06-23 14:54:55,548]   : 5
INFO     [2024-06-23 14:54:55,548]   PDF 
INFO     [2024-06-23 14:54:55,549]    :  3227_ , ,  ()__  27.02.24+.pdf
INFO     [2024-06-23 14:54:55,549]  pdf  
INFO     [2024-06-23 14:54:56,351]  
INFO     [2024-06-23 14:54:56,351]  JSON  
INFO     [2024-06-23 14:54:56,352] JSON   
INFO     [2024-06-23 14:54:56,352]   
INFO     [2024-06-23 14:54:56,352]  
INFO     [2024-06-23 14:54:56,353] :  .  
INFO     [2024-06-23 14:54:56,353]  JSON 
INFO     [2024-06-23 14:54:56,353] JSON  
INFO     [2024-06-23 14:54:56,353]    
INFO     [2024-06-23 14:54:56,354]    :  3229-1_ , ,  ()_  27.02.24+.pdf
INFO     [2024-06-23 14:54:56,354]  pdf  
INFO     [2024-06-23 14:54:57,076]  
INFO     [2024-06-23 14:54:57,076]  JSON  
INFO     [2024-06-23 14:54:57,077] JSON   
INFO     [2024-06-23 14:54:57,077]   
INFO     [2024-06-23 14:54:57,078]  
INFO     [2024-06-23 14:54:57,078] :  .  
INFO     [2024-06-23 14:54:57,078]  JSON 
INFO     [2024-06-23 14:54:57,078] JSON  
INFO     [2024-06-23 14:54:57,078]    
INFO     [2024-06-23 14:54:57,078]    :  3229_ , ,  ()_  27.02.24+.pdf
INFO     [2024-06-23 14:54:57,078]  pdf  
INFO     [2024-06-23 14:54:59,328]  
INFO     [2024-06-23 14:54:59,328]  JSON  
INFO     [2024-06-23 14:54:59,329] JSON   
INFO     [2024-06-23 14:54:59,329]   
INFO     [2024-06-23 14:54:59,330]  
INFO     [2024-06-23 14:54:59,330] :  .  
INFO     [2024-06-23 14:54:59,330]  JSON 
INFO     [2024-06-23 14:54:59,331] JSON  
INFO     [2024-06-23 14:54:59,331]    
INFO     [2024-06-23 14:54:59,331]    : 4339, , ,      3,   12.03.2024+.pdf
INFO     [2024-06-23 14:54:59,331]  pdf  
INFO     [2024-06-23 14:55:00,775]  
INFO     [2024-06-23 14:55:00,775]  JSON  
INFO     [2024-06-23 14:55:00,776] JSON   
INFO     [2024-06-23 14:55:00,776]   
INFO     [2024-06-23 14:55:00,776]  
INFO     [2024-06-23 14:55:00,777] :  .  
INFO     [2024-06-23 14:55:00,777]  JSON 
INFO     [2024-06-23 14:55:00,777] JSON  
INFO     [2024-06-23 14:55:00,777]    
INFO     [2024-06-23 14:55:00,777]    : 4339-1, , ,      3,    12.03.2024+.pdf
INFO     [2024-06-23 14:55:00,778]  pdf  
INFO     [2024-06-23 14:55:01,788]  
INFO     [2024-06-23 14:55:01,788]  JSON  
INFO     [2024-06-23 14:55:01,789] JSON   
INFO     [2024-06-23 14:55:01,789]   
INFO     [2024-06-23 14:55:01,789]  
INFO     [2024-06-23 14:55:01,789] :  .  
INFO     [2024-06-23 14:55:01,789]  JSON 
INFO     [2024-06-23 14:55:01,790] JSON  
INFO     [2024-06-23 14:55:01,790]    
INFO     [2024-06-23 14:55:01,790]  PDF  
INFO     [2024-06-23 14:55:01,790]    Excel
INFO     [2024-06-23 14:55:01,875] 
INFO     [2024-06-23 14:57:17,944]     :   PDF: dir/, : False, : True,  JSON: True.
INFO     [2024-06-23 14:57:17,945]   : 8
INFO     [2024-06-23 14:57:17,945]   PDF 
INFO     [2024-06-23 14:57:17,945]    :  1481_  , ,     , _ 02.02.24+.pdf
INFO     [2024-06-23 14:57:17,945]  pdf  
INFO     [2024-06-23 14:57:19,274]  
INFO     [2024-06-23 14:57:19,274]  JSON  
INFO     [2024-06-23 14:57:19,276] JSON   
INFO     [2024-06-23 14:57:19,276]   
INFO     [2024-06-23 14:57:19,277]  
INFO     [2024-06-23 14:57:19,277] :  .  
INFO     [2024-06-23 14:57:19,277]  JSON 
INFO     [2024-06-23 14:57:19,277] JSON  
INFO     [2024-06-23 14:57:19,277]    
INFO     [2024-06-23 14:57:19,278]    :  3227_ , ,  ()__  27.02.24+.pdf
INFO     [2024-06-23 14:57:19,278]  pdf  
INFO     [2024-06-23 14:57:20,068]  
INFO     [2024-06-23 14:57:20,068]  JSON  
INFO     [2024-06-23 14:57:20,069] JSON   
INFO     [2024-06-23 14:57:20,069]   
INFO     [2024-06-23 14:57:20,069]  
INFO     [2024-06-23 14:57:20,069] :  .  
INFO     [2024-06-23 14:57:20,069]  JSON 
INFO     [2024-06-23 14:57:20,070] JSON  
INFO     [2024-06-23 14:57:20,070]    
INFO     [2024-06-23 14:57:20,070]    :  3229-1_ , ,  ()_  27.02.24+.pdf
INFO     [2024-06-23 14:57:20,070]  pdf  
INFO     [2024-06-23 14:57:20,774]  
INFO     [2024-06-23 14:57:20,774]  JSON  
INFO     [2024-06-23 14:57:20,775] JSON   
INFO     [2024-06-23 14:57:20,775]   
INFO     [2024-06-23 14:57:20,776]  
INFO     [2024-06-23 14:57:20,776] :  .  
INFO     [2024-06-23 14:57:20,776]  JSON 
INFO     [2024-06-23 14:57:20,776] JSON  
INFO     [2024-06-23 14:57:20,777]    
INFO     [2024-06-23 14:57:20,777]    :  3229_ , ,  ()_  27.02.24+.pdf
INFO     [2024-06-23 14:57:20,777]  pdf  
INFO     [2024-06-23 14:57:23,054]  
INFO     [2024-06-23 14:57:23,054]  JSON  
INFO     [2024-06-23 14:57:23,055] JSON   
INFO     [2024-06-23 14:57:23,055]   
INFO     [2024-06-23 14:57:23,055]  
INFO     [2024-06-23 14:57:23,056] :  .  
INFO     [2024-06-23 14:57:23,056]  JSON 
INFO     [2024-06-23 14:57:23,056] JSON  
INFO     [2024-06-23 14:57:23,056]    
INFO     [2024-06-23 14:57:23,056]    :  4369-1_ , , -50, _   12.03.24+.pdf
INFO     [2024-06-23 14:57:23,056]  pdf  
INFO     [2024-06-23 14:57:23,923]  
INFO     [2024-06-23 14:57:23,923]  JSON  
INFO     [2024-06-23 14:57:23,924] JSON   
INFO     [2024-06-23 14:57:23,924]   
INFO     [2024-06-23 14:57:23,924]  
INFO     [2024-06-23 14:57:23,924] :  .  
INFO     [2024-06-23 14:57:23,924]  JSON 
INFO     [2024-06-23 14:57:23,925] JSON  
INFO     [2024-06-23 14:57:23,925]    
INFO     [2024-06-23 14:57:23,925]    :  4369_ , , -50, _   12.03.24+.pdf
INFO     [2024-06-23 14:57:23,925]  pdf  
INFO     [2024-06-23 14:57:25,352]  
INFO     [2024-06-23 14:57:25,352]  JSON  
INFO     [2024-06-23 14:57:25,353] JSON   
INFO     [2024-06-23 14:57:25,353]   
INFO     [2024-06-23 14:57:25,354]  
INFO     [2024-06-23 14:57:25,354] :  .  
INFO     [2024-06-23 14:57:25,354]  JSON 
INFO     [2024-06-23 14:57:25,355] JSON  
INFO     [2024-06-23 14:57:25,355]    
INFO     [2024-06-23 14:57:25,355]    : 4339, , ,      3,   12.03.2024+.pdf
INFO     [2024-06-23 14:57:25,355]  pdf  
INFO     [2024-06-23 14:57:26,751]  
INFO     [2024-06-23 14:57:26,751]  JSON  
INFO     [2024-06-23 14:57:26,752] JSON   
INFO     [2024-06-23 14:57:26,752]   
INFO     [2024-06-23 14:57:26,752]  
INFO     [2024-06-23 14:57:26,753] :  .  
INFO     [2024-06-23 14:57:26,753]  JSON 
INFO     [2024-06-23 14:57:26,753] JSON  
INFO     [2024-06-23 14:57:26,753]    
INFO     [2024-06-23 14:57:26,753]    : 4339-1, , ,      3,    12.03.2024+.pdf
INFO     [2024-06-23 14:57:26,754]  pdf  
INFO     [2024-06-23 14:57:27,762]  
INFO     [2024-06-23 14:57:27,762]  JSON  
INFO     [2024-06-23 14:57:27,763] JSON   
INFO     [2024-06-23 14:57:27,763]   
INFO     [2024-06-23 14:57:27,763]  
INFO     [2024-06-23 14:57:27,763] :  .  
INFO     [2024-06-23 14:57:27,764]  JSON 
INFO     [2024-06-23 14:57:27,764] JSON  
INFO     [2024-06-23 14:57:27,764]    
INFO     [2024-06-23 14:57:27,764]  PDF  
INFO     [2024-06-23 14:57:27,765]    Excel
INFO     [2024-06-23 14:57:27,851] 
